  [1m[35m (4.7ms)[0m  [1m[34mSELECT sqlite_version(*)[0m
  [1m[35m (10.4ms)[0m  [1m[35mCREATE TABLE "schema_migrations" ("version" varchar NOT NULL PRIMARY KEY)[0m
  [1m[35m (3.2ms)[0m  [1m[35mCREATE TABLE "ar_internal_metadata" ("key" varchar NOT NULL PRIMARY KEY, "value" varchar, "created_at" datetime(6) NOT NULL, "updated_at" datetime(6) NOT NULL)[0m
  [1m[35m (0.3ms)[0m  [1m[34mSELECT "schema_migrations"."version" FROM "schema_migrations" ORDER BY "schema_migrations"."version" ASC[0m
Migrating to CreateUsers (20210228010801)
  [1m[36mTRANSACTION (0.1ms)[0m  [1m[36mbegin transaction[0m
  [1m[35m (1.0ms)[0m  [1m[35mCREATE TABLE "users" ("id" integer PRIMARY KEY AUTOINCREMENT NOT NULL, "first_name" varchar, "last_name" varchar, "created_at" datetime(6) NOT NULL, "updated_at" datetime(6) NOT NULL)[0m
  [1m[36mActiveRecord::SchemaMigration Create (0.5ms)[0m  [1m[32mINSERT INTO "schema_migrations" ("version") VALUES (?)[0m  [["version", "20210228010801"]]
  [1m[36mTRANSACTION (3.2ms)[0m  [1m[36mcommit transaction[0m
Migrating to CreatePhotos (20210228011205)
  [1m[36mTRANSACTION (0.1ms)[0m  [1m[36mbegin transaction[0m
  [1m[35m (1.0ms)[0m  [1m[35mCREATE TABLE "photos" ("id" integer PRIMARY KEY AUTOINCREMENT NOT NULL, "user_id" integer, "date_time" datetime, "file_name" varchar, "created_at" datetime(6) NOT NULL, "updated_at" datetime(6) NOT NULL)[0m
  [1m[36mActiveRecord::SchemaMigration Create (0.2ms)[0m  [1m[32mINSERT INTO "schema_migrations" ("version") VALUES (?)[0m  [["version", "20210228011205"]]
  [1m[36mTRANSACTION (2.8ms)[0m  [1m[36mcommit transaction[0m
Migrating to CreateComments (20210228011325)
  [1m[36mTRANSACTION (0.1ms)[0m  [1m[36mbegin transaction[0m
  [1m[35m (1.0ms)[0m  [1m[35mCREATE TABLE "comments" ("id" integer PRIMARY KEY AUTOINCREMENT NOT NULL, "photo_id" integer, "user_id" integer, "date_time" datetime, "comment_text" varchar, "created_at" datetime(6) NOT NULL, "updated_at" datetime(6) NOT NULL)[0m
  [1m[36mActiveRecord::SchemaMigration Create (0.1ms)[0m  [1m[32mINSERT INTO "schema_migrations" ("version") VALUES (?)[0m  [["version", "20210228011325"]]
  [1m[36mTRANSACTION (2.6ms)[0m  [1m[36mcommit transaction[0m
Migrating to LoadData (20210228011937)
  [1m[36mTRANSACTION (0.1ms)[0m  [1m[36mbegin transaction[0m
  [1m[36mComment Destroy (0.7ms)[0m  [1m[31mDELETE FROM "comments"[0m
  [1m[36mPhoto Destroy (0.1ms)[0m  [1m[31mDELETE FROM "photos"[0m
  [1m[36mUser Destroy (0.1ms)[0m  [1m[31mDELETE FROM "users"[0m
  [1m[36mUser Create (0.2ms)[0m  [1m[32mINSERT INTO "users" ("first_name", "last_name", "created_at", "updated_at") VALUES (?, ?, ?, ?)[0m  [["first_name", "Justin"], ["last_name", "Bieber"], ["created_at", "2021-03-01 19:42:01.492988"], ["updated_at", "2021-03-01 19:42:01.492988"]]
  [1m[36mUser Create (0.1ms)[0m  [1m[32mINSERT INTO "users" ("first_name", "last_name", "created_at", "updated_at") VALUES (?, ?, ?, ?)[0m  [["first_name", "Paris"], ["last_name", "Hilton"], ["created_at", "2021-03-01 19:42:01.495054"], ["updated_at", "2021-03-01 19:42:01.495054"]]
  [1m[36mUser Create (0.1ms)[0m  [1m[32mINSERT INTO "users" ("first_name", "last_name", "created_at", "updated_at") VALUES (?, ?, ?, ?)[0m  [["first_name", "Megan"], ["last_name", "Trainor"], ["created_at", "2021-03-01 19:42:01.496450"], ["updated_at", "2021-03-01 19:42:01.496450"]]
  [1m[36mUser Create (0.2ms)[0m  [1m[32mINSERT INTO "users" ("first_name", "last_name", "created_at", "updated_at") VALUES (?, ?, ?, ?)[0m  [["first_name", "Barack"], ["last_name", "Obama"], ["created_at", "2021-03-01 19:42:01.497871"], ["updated_at", "2021-03-01 19:42:01.497871"]]
  [1m[36mUser Create (0.1ms)[0m  [1m[32mINSERT INTO "users" ("first_name", "last_name", "created_at", "updated_at") VALUES (?, ?, ?, ?)[0m  [["first_name", "Santa"], ["last_name", "Claus"], ["created_at", "2021-03-01 19:42:01.499569"], ["updated_at", "2021-03-01 19:42:01.499569"]]
  [1m[36mUser Create (0.1ms)[0m  [1m[32mINSERT INTO "users" ("first_name", "last_name", "created_at", "updated_at") VALUES (?, ?, ?, ?)[0m  [["first_name", "John"], ["last_name", "Ousterhout"], ["created_at", "2021-03-01 19:42:01.501119"], ["updated_at", "2021-03-01 19:42:01.501119"]]
  [1m[36mPhoto Create (0.1ms)[0m  [1m[32mINSERT INTO "photos" ("user_id", "date_time", "file_name", "created_at", "updated_at") VALUES (?, ?, ?, ?, ?)[0m  [["user_id", 6], ["date_time", "2012-08-30 10:44:23"], ["file_name", "ouster.jpg"], ["created_at", "2021-03-01 19:42:01.520713"], ["updated_at", "2021-03-01 19:42:01.520713"]]
  [1m[36mPhoto Create (0.1ms)[0m  [1m[32mINSERT INTO "photos" ("user_id", "date_time", "file_name", "created_at", "updated_at") VALUES (?, ?, ?, ?, ?)[0m  [["user_id", 1], ["date_time", "2009-09-13 20:00:00"], ["file_name", "bieber1.jpg"], ["created_at", "2021-03-01 19:42:01.523781"], ["updated_at", "2021-03-01 19:42:01.523781"]]
  [1m[36mPhoto Create (0.1ms)[0m  [1m[32mINSERT INTO "photos" ("user_id", "date_time", "file_name", "created_at", "updated_at") VALUES (?, ?, ?, ?, ?)[0m  [["user_id", 1], ["date_time", "2009-09-13 20:05:03"], ["file_name", "bieber2.jpg"], ["created_at", "2021-03-01 19:42:01.525760"], ["updated_at", "2021-03-01 19:42:01.525760"]]
  [1m[36mPhoto Create (0.1ms)[0m  [1m[32mINSERT INTO "photos" ("user_id", "date_time", "file_name", "created_at", "updated_at") VALUES (?, ?, ?, ?, ?)[0m  [["user_id", 2], ["date_time", "2013-11-18 18:02:00"], ["file_name", "hilton1.jpg"], ["created_at", "2021-03-01 19:42:01.527944"], ["updated_at", "2021-03-01 19:42:01.527944"]]
  [1m[36mPhoto Create (0.1ms)[0m  [1m[32mINSERT INTO "photos" ("user_id", "date_time", "file_name", "created_at", "updated_at") VALUES (?, ?, ?, ?, ?)[0m  [["user_id", 2], ["date_time", "2013-09-20 17:30:00"], ["file_name", "hilton2.jpg"], ["created_at", "2021-03-01 19:42:01.529479"], ["updated_at", "2021-03-01 19:42:01.529479"]]
  [1m[36mPhoto Create (0.1ms)[0m  [1m[32mINSERT INTO "photos" ("user_id", "date_time", "file_name", "created_at", "updated_at") VALUES (?, ?, ?, ?, ?)[0m  [["user_id", 4], ["date_time", "2009-07-10 16:02:49"], ["file_name", "obama1.jpg"], ["created_at", "2021-03-01 19:42:01.531025"], ["updated_at", "2021-03-01 19:42:01.531025"]]
  [1m[36mPhoto Create (0.1ms)[0m  [1m[32mINSERT INTO "photos" ("user_id", "date_time", "file_name", "created_at", "updated_at") VALUES (?, ?, ?, ?, ?)[0m  [["user_id", 4], ["date_time", "2010-03-18 23:48:00"], ["file_name", "obama2.jpg"], ["created_at", "2021-03-01 19:42:01.532742"], ["updated_at", "2021-03-01 19:42:01.532742"]]
  [1m[36mPhoto Create (0.1ms)[0m  [1m[32mINSERT INTO "photos" ("user_id", "date_time", "file_name", "created_at", "updated_at") VALUES (?, ?, ?, ?, ?)[0m  [["user_id", 4], ["date_time", "2010-08-30 14:26:00"], ["file_name", "obama3.jpg"], ["created_at", "2021-03-01 19:42:01.534390"], ["updated_at", "2021-03-01 19:42:01.534390"]]
  [1m[36mPhoto Create (0.1ms)[0m  [1m[32mINSERT INTO "photos" ("user_id", "date_time", "file_name", "created_at", "updated_at") VALUES (?, ?, ?, ?, ?)[0m  [["user_id", 3], ["date_time", "2013-12-03 09:02:00"], ["file_name", "megan1.jpg"], ["created_at", "2021-03-01 19:42:01.535933"], ["updated_at", "2021-03-01 19:42:01.535933"]]
  [1m[36mPhoto Create (0.1ms)[0m  [1m[32mINSERT INTO "photos" ("user_id", "date_time", "file_name", "created_at", "updated_at") VALUES (?, ?, ?, ?, ?)[0m  [["user_id", 3], ["date_time", "2013-12-03 09:03:00"], ["file_name", "megan2.jpg"], ["created_at", "2021-03-01 19:42:01.537346"], ["updated_at", "2021-03-01 19:42:01.537346"]]
  [1m[36mPhoto Create (0.1ms)[0m  [1m[32mINSERT INTO "photos" ("user_id", "date_time", "file_name", "created_at", "updated_at") VALUES (?, ?, ?, ?, ?)[0m  [["user_id", 5], ["date_time", "2013-09-04 09:16:32"], ["file_name", "santa1.jpg"], ["created_at", "2021-03-01 19:42:01.539056"], ["updated_at", "2021-03-01 19:42:01.539056"]]
  [1m[36mPhoto Create (0.1ms)[0m  [1m[32mINSERT INTO "photos" ("user_id", "date_time", "file_name", "created_at", "updated_at") VALUES (?, ?, ?, ?, ?)[0m  [["user_id", 4], ["date_time", "2013-10-16 17:12:28"], ["file_name", "obama4.jpg"], ["created_at", "2021-03-01 19:42:01.540679"], ["updated_at", "2021-03-01 19:42:01.540679"]]
  [1m[36mComment Create (0.1ms)[0m  [1m[32mINSERT INTO "comments" ("photo_id", "user_id", "date_time", "comment_text", "created_at", "updated_at") VALUES (?, ?, ?, ?, ?, ?)[0m  [["photo_id", 1], ["user_id", 6], ["date_time", "2012-09-02 14:01:00"], ["comment_text", "Learning new programming languages is hard..."], ["created_at", "2021-03-01 19:42:01.562646"], ["updated_at", "2021-03-01 19:42:01.562646"]]
  [1m[36mComment Create (0.1ms)[0m  [1m[32mINSERT INTO "comments" ("photo_id", "user_id", "date_time", "comment_text", "created_at", "updated_at") VALUES (?, ?, ?, ?, ?, ?)[0m  [["photo_id", 1], ["user_id", 6], ["date_time", "2013-09-06 14:02:00"], ["comment_text", "This is another comment, with a bit more text; if the text gets long enough, does it wrap properly from line to line?"], ["created_at", "2021-03-01 19:42:01.564689"], ["updated_at", "2021-03-01 19:42:01.564689"]]
  [1m[36mComment Create (0.1ms)[0m  [1m[32mINSERT INTO "comments" ("photo_id", "user_id", "date_time", "comment_text", "created_at", "updated_at") VALUES (?, ?, ?, ?, ?, ?)[0m  [["photo_id", 1], ["user_id", 6], ["date_time", "2013-09-08 14:06:00"], ["comment_text", "If you see this text in <b>boldface</b> then HTML escaping isn't working properly."], ["created_at", "2021-03-01 19:42:01.566193"], ["updated_at", "2021-03-01 19:42:01.566193"]]
  [1m[36mComment Create (0.1ms)[0m  [1m[32mINSERT INTO "comments" ("photo_id", "user_id", "date_time", "comment_text", "created_at", "updated_at") VALUES (?, ?, ?, ?, ?, ?)[0m  [["photo_id", 2], ["user_id", 1], ["date_time", "2009-09-14 18:07:00"], ["comment_text", "No, people, she is *not* my mom.  She's my date."], ["created_at", "2021-03-01 19:42:01.567666"], ["updated_at", "2021-03-01 19:42:01.567666"]]
  [1m[36mComment Create (0.1ms)[0m  [1m[32mINSERT INTO "comments" ("photo_id", "user_id", "date_time", "comment_text", "created_at", "updated_at") VALUES (?, ?, ?, ?, ?, ?)[0m  [["photo_id", 5], ["user_id", 6], ["date_time", "2013-11-28 17:45:13"], ["comment_text", "I came up with lots of comments for this photo, but unfortunately none of them are printable."], ["created_at", "2021-03-01 19:42:01.569230"], ["updated_at", "2021-03-01 19:42:01.569230"]]
  [1m[36mComment Create (0.1ms)[0m  [1m[32mINSERT INTO "comments" ("photo_id", "user_id", "date_time", "comment_text", "created_at", "updated_at") VALUES (?, ?, ?, ?, ?, ?)[0m  [["photo_id", 7], ["user_id", 2], ["date_time", "2013-11-02 14:07:00"], ["comment_text", "Hey Barack, great form! Can u give me some bowling tips? xxoo Paris"], ["created_at", "2021-03-01 19:42:01.570910"], ["updated_at", "2021-03-01 19:42:01.570910"]]
  [1m[36mComment Create (0.1ms)[0m  [1m[32mINSERT INTO "comments" ("photo_id", "user_id", "date_time", "comment_text", "created_at", "updated_at") VALUES (?, ?, ?, ?, ?, ?)[0m  [["photo_id", 7], ["user_id", 4], ["date_time", "2013-11-02 14:07:00"], ["comment_text", "Sure, let's get together when Lindsay gets out of rehab and I get healthcare.gov working."], ["created_at", "2021-03-01 19:42:01.572540"], ["updated_at", "2021-03-01 19:42:01.572540"]]
  [1m[36mComment Create (0.2ms)[0m  [1m[32mINSERT INTO "comments" ("photo_id", "user_id", "date_time", "comment_text", "created_at", "updated_at") VALUES (?, ?, ?, ?, ?, ?)[0m  [["photo_id", 8], ["user_id", 4], ["date_time", "2010-09-06 13:59:33"], ["comment_text", "We're off to a Justin Bieber concert"], ["created_at", "2021-03-01 19:42:01.574293"], ["updated_at", "2021-03-01 19:42:01.574293"]]
  [1m[36mComment Create (0.1ms)[0m  [1m[32mINSERT INTO "comments" ("photo_id", "user_id", "date_time", "comment_text", "created_at", "updated_at") VALUES (?, ?, ?, ?, ?, ?)[0m  [["photo_id", 12], ["user_id", 4], ["date_time", "2013-10-16 18:04:55"], ["comment_text", "He kept trying to tell me that healthcare.gov is fixed, but I could see as plain as day that they forgot a </div>. Can anyone tell me why we're building this site in Java instead of Rails?"], ["created_at", "2021-03-01 19:42:01.577127"], ["updated_at", "2021-03-01 19:42:01.577127"]]
  [1m[36mComment Create (0.1ms)[0m  [1m[32mINSERT INTO "comments" ("photo_id", "user_id", "date_time", "comment_text", "created_at", "updated_at") VALUES (?, ?, ?, ?, ?, ?)[0m  [["photo_id", 10], ["user_id", 3], ["date_time", "2013-12-04 13:12:00"], ["comment_text", "To all my fans, I just want to say how Iam all about that base."], ["created_at", "2021-03-01 19:42:01.579199"], ["updated_at", "2021-03-01 19:42:01.579199"]]
  [1m[36mComment Create (0.1ms)[0m  [1m[32mINSERT INTO "comments" ("photo_id", "user_id", "date_time", "comment_text", "created_at", "updated_at") VALUES (?, ?, ?, ?, ?, ?)[0m  [["photo_id", 11], ["user_id", 5], ["date_time", "2013-09-04 10:14:32"], ["comment_text", "I'm going to be watching how well you do in CS 6320!"], ["created_at", "2021-03-01 19:42:01.581148"], ["updated_at", "2021-03-01 19:42:01.581148"]]
  [1m[36mActiveRecord::SchemaMigration Create (0.1ms)[0m  [1m[32mINSERT INTO "schema_migrations" ("version") VALUES (?)[0m  [["version", "20210228011937"]]
  [1m[36mTRANSACTION (3.9ms)[0m  [1m[36mcommit transaction[0m
  [1m[36mActiveRecord::InternalMetadata Load (0.3ms)[0m  [1m[34mSELECT "ar_internal_metadata".* FROM "ar_internal_metadata" WHERE "ar_internal_metadata"."key" = ? LIMIT ?[0m  [["key", "environment"], ["LIMIT", 1]]
  [1m[36mTRANSACTION (0.1ms)[0m  [1m[36mbegin transaction[0m
  [1m[36mActiveRecord::InternalMetadata Create (1.2ms)[0m  [1m[32mINSERT INTO "ar_internal_metadata" ("key", "value", "created_at", "updated_at") VALUES (?, ?, ?, ?)[0m  [["key", "environment"], ["value", "development"], ["created_at", "2021-03-01 19:42:01.598361"], ["updated_at", "2021-03-01 19:42:01.598361"]]
  [1m[36mTRANSACTION (3.0ms)[0m  [1m[36mcommit transaction[0m
  [1m[35m (0.1ms)[0m  [1m[34mSELECT sqlite_version(*)[0m
  [1m[35m (0.2ms)[0m  [1m[34mSELECT "schema_migrations"."version" FROM "schema_migrations" ORDER BY "schema_migrations"."version" ASC[0m
Started GET "/user/index" for ::1 at 2021-03-01 11:42:11 -0800
  [1m[35m (2.1ms)[0m  [1m[34mSELECT sqlite_version(*)[0m
  [1m[35m (0.6ms)[0m  [1m[34mSELECT "schema_migrations"."version" FROM "schema_migrations" ORDER BY "schema_migrations"."version" ASC[0m
Processing by UserController#index as HTML
  Rendering layout layouts/application.html.erb
  Rendering user/index.html.erb within layouts/application
  [1m[36mUser Load (0.6ms)[0m  [1m[34mSELECT "users".* FROM "users"[0m
  ↳ app/views/user/index.html.erb:7
  Rendered user/index.html.erb within layouts/application (Duration: 32.7ms | Allocations: 4944)
[Webpacker] Compiling...
[Webpacker] Compilation failed:
yarn run v1.22.5
info Visit https://yarnpkg.com/en/docs/cli/run for documentation about this command.


error Command "webpack" not found.

  Rendered layout layouts/application.html.erb (Duration: 3436.5ms | Allocations: 34962)
Completed 500 Internal Server Error in 3555ms (ActiveRecord: 3.2ms | Allocations: 41359)


  
ActionView::Template::Error (Webpacker can't find application.js in C:/Users/anupo/Documents/MS/Web Systems/photosharemaster/public/packs/manifest.json. Possible causes:
1. You want to set webpacker.yml value of compile to true for your environment
   unless you are using the `webpack -w` or the webpack-dev-server.
2. webpack has not yet re-run to reflect updates.
3. You have misconfigured Webpacker's config/webpacker.yml file.
4. Your webpack configuration is not creating a manifest.
Your manifest contains:
{
}
):
     7:     <%= csp_meta_tag %>
     8: 
     9:     <%= stylesheet_link_tag 'application', media: 'all', 'data-turbolinks-track': 'reload' %>
    10:     <%= javascript_pack_tag 'application', 'data-turbolinks-track': 'reload' %>
    11:   </head>
    12: 
    13:   <body>
  
app/views/layouts/application.html.erb:10
Started GET "/user/index" for ::1 at 2021-03-01 11:43:49 -0800
  [1m[35m (1.5ms)[0m  [1m[34mSELECT sqlite_version(*)[0m
  [1m[35m (0.6ms)[0m  [1m[34mSELECT "schema_migrations"."version" FROM "schema_migrations" ORDER BY "schema_migrations"."version" ASC[0m
Processing by UserController#index as HTML
  Rendering layout layouts/application.html.erb
  Rendering user/index.html.erb within layouts/application
  [1m[36mUser Load (0.6ms)[0m  [1m[34mSELECT "users".* FROM "users"[0m
  ↳ app/views/user/index.html.erb:7
  Rendered user/index.html.erb within layouts/application (Duration: 49.7ms | Allocations: 4821)
[Webpacker] Compiling...
[Webpacker] Compiled all packs in C:/Users/anupo/Documents/MS/Web Systems/photosharemaster/public/packs
[Webpacker] Hash: e332c6419728fac579d5
Version: webpack 4.46.0
Time: 2131ms
Built at: 03/01/2021 11:43:55 AM
                                     Asset       Size       Chunks                         Chunk Names
    js/application-f826770d917d8a37c1d8.js    125 KiB  application  [emitted] [immutable]  application
js/application-f826770d917d8a37c1d8.js.map    139 KiB  application  [emitted] [dev]        application
                             manifest.json  364 bytes               [emitted]              
Entrypoint application = js/application-f826770d917d8a37c1d8.js js/application-f826770d917d8a37c1d8.js.map
[./app/javascript/channels sync recursive _channel\.js$] ./app/javascript/channels sync _channel\.js$ 160 bytes {application} [built]
[./app/javascript/channels/index.js] 211 bytes {application} [built]
[./app/javascript/packs/application.js] 492 bytes {application} [built]
[./node_modules/webpack/buildin/module.js] (webpack)/buildin/module.js 552 bytes {application} [built]
    + 3 hidden modules

  Rendered layout layouts/application.html.erb (Duration: 6668.4ms | Allocations: 15977)
Completed 200 OK in 6756ms (Views: 6710.9ms | ActiveRecord: 3.3ms | Allocations: 21235)


Started GET "/photo/index/2" for ::1 at 2021-03-01 11:44:02 -0800
Processing by PhotoController#index as HTML
  Parameters: {"id"=>"2"}
  [1m[36mUser Load (0.4ms)[0m  [1m[34mSELECT "users".* FROM "users" WHERE "users"."id" = ? LIMIT ?[0m  [["id", 2], ["LIMIT", 1]]
  ↳ app/controllers/photo_controller.rb:4:in `index'
  Rendering layout layouts/application.html.erb
  Rendering photo/index.html.erb within layouts/application
  [1m[36mPhoto Load (0.6ms)[0m  [1m[34mSELECT "photos".* FROM "photos" WHERE "photos"."user_id" = ?[0m  [["user_id", 2]]
  ↳ app/views/photo/index.html.erb:24
  [1m[36mComment Load (0.5ms)[0m  [1m[34mSELECT "comments".* FROM "comments" WHERE "comments"."user_id" = ? AND (photo_id=4)[0m  [["user_id", 2]]
  ↳ app/views/photo/index.html.erb:32
  [1m[36mComment Load (0.5ms)[0m  [1m[34mSELECT "comments".* FROM "comments" WHERE "comments"."user_id" = ? AND (photo_id=5)[0m  [["user_id", 2]]
  ↳ app/views/photo/index.html.erb:32
  Rendered photo/index.html.erb within layouts/application (Duration: 49.7ms | Allocations: 6306)
[Webpacker] Everything's up-to-date. Nothing to do
  Rendered layout layouts/application.html.erb (Duration: 133.4ms | Allocations: 10031)
Completed 200 OK in 169ms (Views: 142.2ms | ActiveRecord: 4.7ms | Allocations: 14941)


